Flow report for trivium1
Wed Mar 07 17:08:28 2018
Quartus II 64-Bit Version 15.0.0 Build 145 04/22/2015 SJ Web Edition


---------------------
; Table of Contents ;
---------------------
  1. Legal Notice
  2. Flow Summary
  3. Flow Settings
  4. Flow Non-Default Global Settings
  5. Flow Elapsed Time
  6. Flow OS Summary
  7. Flow Log
  8. Flow Messages
  9. Flow Suppressed Messages



----------------
; Legal Notice ;
----------------
Copyright (C) 1991-2015 Altera Corporation. All rights reserved.
Your use of Altera Corporation's design tools, logic functions 
and other software and tools, and its AMPP partner logic 
functions, and any output files from any of the foregoing 
(including device programming or simulation files), and any 
associated documentation or information are expressly subject 
to the terms and conditions of the Altera Program License 
Subscription Agreement, the Altera Quartus II License Agreement,
the Altera MegaCore Function License Agreement, or other 
applicable license agreement, including, without limitation, 
that your use is for the sole purpose of programming logic 
devices manufactured by Altera and sold by Altera or its 
authorized distributors.  Please refer to the applicable 
agreement for further details.



+---------------------------------------------------------------------------------+
; Flow Summary                                                                    ;
+------------------------------------+--------------------------------------------+
; Flow Status                        ; Successful - Wed Mar 07 17:08:28 2018      ;
; Quartus II 64-Bit Version          ; 15.0.0 Build 145 04/22/2015 SJ Web Edition ;
; Revision Name                      ; trivium1                                   ;
; Top-level Entity Name              ; trivium1                                   ;
; Family                             ; Cyclone IV E                               ;
; Device                             ; EP4CE115F29I8L                             ;
; Timing Models                      ; Final                                      ;
; Total logic elements               ; 127 / 114,480 ( < 1 % )                    ;
;     Total combinational functions  ; 48 / 114,480 ( < 1 % )                     ;
;     Dedicated logic registers      ; 107 / 114,480 ( < 1 % )                    ;
; Total registers                    ; 107                                        ;
; Total pins                         ; 169 / 529 ( 32 % )                         ;
; Total virtual pins                 ; 0                                          ;
; Total memory bits                  ; 194 / 3,981,312 ( < 1 % )                  ;
; Embedded Multiplier 9-bit elements ; 0 / 532 ( 0 % )                            ;
; Total PLLs                         ; 0 / 4 ( 0 % )                              ;
+------------------------------------+--------------------------------------------+


+-----------------------------------------+
; Flow Settings                           ;
+-------------------+---------------------+
; Option            ; Setting             ;
+-------------------+---------------------+
; Start date & time ; 03/07/2018 16:42:52 ;
; Main task         ; Compilation         ;
; Revision Name     ; trivium1            ;
+-------------------+---------------------+


+--------------------------------------------------------------------------------------------------------------------+
; Flow Non-Default Global Settings                                                                                   ;
+-------------------------------------+-------------------------------+---------------+-------------+----------------+
; Assignment Name                     ; Value                         ; Default Value ; Entity Name ; Section Id     ;
+-------------------------------------+-------------------------------+---------------+-------------+----------------+
; COMPILER_SIGNATURE_ID               ; 2200303521616.152043737210200 ; --            ; --          ; --             ;
; EDA_OUTPUT_DATA_FORMAT              ; Vhdl                          ; --            ; --          ; eda_simulation ;
; EDA_SIMULATION_TOOL                 ; ModelSim-Altera (VHDL)        ; <None>        ; --          ; --             ;
; MAX_CORE_JUNCTION_TEMP              ; 100                           ; --            ; --          ; --             ;
; MIN_CORE_JUNCTION_TEMP              ; -40                           ; --            ; --          ; --             ;
; NOMINAL_CORE_SUPPLY_VOLTAGE         ; 1.0V                          ; --            ; --          ; --             ;
; PARTITION_COLOR                     ; 16764057                      ; --            ; --          ; Top            ;
; PARTITION_FITTER_PRESERVATION_LEVEL ; PLACEMENT_AND_ROUTING         ; --            ; --          ; Top            ;
; PARTITION_NETLIST_TYPE              ; SOURCE                        ; --            ; --          ; Top            ;
; PROJECT_OUTPUT_DIRECTORY            ; output_files                  ; --            ; --          ; --             ;
+-------------------------------------+-------------------------------+---------------+-------------+----------------+


+-------------------------------------------------------------------------------------------------------------------------------+
; Flow Elapsed Time                                                                                                             ;
+---------------------------+--------------+-------------------------+---------------------+------------------------------------+
; Module Name               ; Elapsed Time ; Average Processors Used ; Peak Virtual Memory ; Total CPU Time (on all processors) ;
+---------------------------+--------------+-------------------------+---------------------+------------------------------------+
; Analysis & Synthesis      ; 00:00:18     ; 1.0                     ; 738 MB              ; 00:00:36                           ;
; Fitter                    ; 00:00:23     ; 1.2                     ; 1458 MB             ; 00:00:25                           ;
; Assembler                 ; 00:00:05     ; 1.0                     ; 680 MB              ; 00:00:05                           ;
; TimeQuest Timing Analyzer ; 00:00:03     ; 1.0                     ; 843 MB              ; 00:00:02                           ;
; EDA Netlist Writer        ; 00:00:01     ; 1.0                     ; 647 MB              ; 00:00:01                           ;
; EDA Netlist Writer        ; 00:00:00     ; 1.0                     ; 633 MB              ; 00:00:01                           ;
; EDA Netlist Writer        ; 00:00:01     ; 1.0                     ; 641 MB              ; 00:00:01                           ;
; EDA Netlist Writer        ; 00:00:00     ; 1.0                     ; 633 MB              ; 00:00:01                           ;
; EDA Netlist Writer        ; 00:00:01     ; 1.0                     ; 641 MB              ; 00:00:01                           ;
; EDA Netlist Writer        ; 00:00:00     ; 1.0                     ; 633 MB              ; 00:00:01                           ;
; EDA Netlist Writer        ; 00:00:01     ; 1.0                     ; 641 MB              ; 00:00:01                           ;
; Total                     ; 00:00:53     ; --                      ; --                  ; 00:01:15                           ;
+---------------------------+--------------+-------------------------+---------------------+------------------------------------+


+----------------------------------------------------------------------------------------+
; Flow OS Summary                                                                        ;
+---------------------------+------------------+-----------+------------+----------------+
; Module Name               ; Machine Hostname ; OS Name   ; OS Version ; Processor type ;
+---------------------------+------------------+-----------+------------+----------------+
; Analysis & Synthesis      ; Sriram           ; Windows 7 ; 6.2        ; x86_64         ;
; Fitter                    ; Sriram           ; Windows 7 ; 6.2        ; x86_64         ;
; Assembler                 ; Sriram           ; Windows 7 ; 6.2        ; x86_64         ;
; TimeQuest Timing Analyzer ; Sriram           ; Windows 7 ; 6.2        ; x86_64         ;
; EDA Netlist Writer        ; Sriram           ; Windows 7 ; 6.2        ; x86_64         ;
; EDA Netlist Writer        ; Sriram           ; Windows 7 ; 6.2        ; x86_64         ;
; EDA Netlist Writer        ; Sriram           ; Windows 7 ; 6.2        ; x86_64         ;
; EDA Netlist Writer        ; Sriram           ; Windows 7 ; 6.2        ; x86_64         ;
; EDA Netlist Writer        ; Sriram           ; Windows 7 ; 6.2        ; x86_64         ;
; EDA Netlist Writer        ; Sriram           ; Windows 7 ; 6.2        ; x86_64         ;
; EDA Netlist Writer        ; Sriram           ; Windows 7 ; 6.2        ; x86_64         ;
+---------------------------+------------------+-----------+------------+----------------+


------------
; Flow Log ;
------------
quartus_map --read_settings_files=on --write_settings_files=off trivium1 -c trivium1
quartus_fit --read_settings_files=off --write_settings_files=off trivium1 -c trivium1
quartus_asm --read_settings_files=off --write_settings_files=off trivium1 -c trivium1
quartus_sta trivium1 -c trivium1
quartus_eda --read_settings_files=off --write_settings_files=off trivium1 -c trivium1
quartus_eda --gen_testbench --check_outputs=on --tool=modelsim_oem --format=verilog --write_settings_files=off trivium1 -c trivium1 --vector_source=C:/Users/sriram/Desktop/Git/Trivium1/Waveform.vwf --testbench_file=C:/Users/sriram/Desktop/Git/Trivium1/simulation/qsim/Waveform.vwf.vt
quartus_eda --write_settings_files=off --functional=on --flatten_buses=off --simulation=on --tool=modelsim_oem --format=verilog --output_directory=C:/Users/sriram/Desktop/Git/Trivium1/simulation/qsim/ trivium1 -c trivium1
quartus_eda --gen_testbench --check_outputs=on --tool=modelsim_oem --format=verilog --write_settings_files=off trivium1 -c trivium1 --vector_source=C:/Users/sriram/Desktop/Git/Trivium1/Waveform.vwf --testbench_file=C:/Users/sriram/Desktop/Git/Trivium1/simulation/qsim/Waveform.vwf.vt
quartus_eda --write_settings_files=off --functional=on --flatten_buses=off --simulation=on --tool=modelsim_oem --format=verilog --output_directory=C:/Users/sriram/Desktop/Git/Trivium1/simulation/qsim/ trivium1 -c trivium1
quartus_eda --gen_testbench --check_outputs=on --tool=modelsim_oem --format=verilog --write_settings_files=off trivium1 -c trivium1 --vector_source=C:/Users/sriram/Desktop/Git/Trivium1/Waveform.vwf --testbench_file=C:/Users/sriram/Desktop/Git/Trivium1/simulation/qsim/Waveform.vwf.vt
quartus_eda --write_settings_files=off --functional=on --flatten_buses=off --simulation=on --tool=modelsim_oem --format=verilog --output_directory=C:/Users/sriram/Desktop/Git/Trivium1/simulation/qsim/ trivium1 -c trivium1



